<?xml version="1.0" encoding="UTF-8"?>
<!-- Generated by org.testng.reporters.JUnitReportReporter -->
<testsuite hostname="DESKTOP-CB7DQF0" failures="0" tests="1" name="dev.djob.id.TestSolver" time="19.017" errors="0" timestamp="2024-01-25T13:42:59 WAT" skipped="0">
  <testcase classname="dev.djob.id.TestSolver" name="buildTestSolver" time="19.017"/>
  <system-out/>
</testsuite> <!-- dev.djob.id.TestSolver -->
